<?xml version="1.0" encoding="UTF-8"?>
<!-- Generated by org.testng.reporters.JUnitReportReporter -->
<testsuite hostname="DESKTOP-HGUK8IM" failures="0" tests="2" name="testNG_Demo.DemoWorkShop" time="7.979" errors="0" timestamp="2025-08-17T22:12:03 IST" skipped="0">
  <testcase classname="testNG_Demo.DemoWorkShop" name="launchGoogle" time="1.688"/>
  <testcase classname="testNG_Demo.DemoWorkShop" name="registerNewUser" time="6.291"/>
</testsuite> <!-- testNG_Demo.DemoWorkShop -->
