<?xml version="1.0" encoding="UTF-8"?>
<!-- Generated by org.testng.reporters.JUnitReportReporter -->
<testsuite hostname="DESKTOP-HGUK8IM" failures="0" tests="1" name="testNG_Demo.Swag_Labs_loginPage" time="3.088" errors="0" timestamp="2025-08-17T22:12:03 IST" skipped="0">
  <testcase classname="testNG_Demo.Swag_Labs_loginPage" name="fullFlowTest" time="3.088"/>
</testsuite> <!-- testNG_Demo.Swag_Labs_loginPage -->
