<?xml version="1.0" encoding="UTF-8"?>
<!-- Generated by org.testng.reporters.JUnitReportReporter -->
<testsuite hostname="DESKTOP-HGUK8IM" failures="0" tests="2" name="testNG_Demo.DemoWorkShop" time="63.846" errors="0" timestamp="2025-08-14T09:08:41 IST" skipped="0">
  <testcase classname="testNG_Demo.DemoWorkShop" name="launchGoogle" time="34.763"/>
  <testcase classname="testNG_Demo.DemoWorkShop" name="registerNewUser" time="29.083"/>
</testsuite> <!-- testNG_Demo.DemoWorkShop -->
