<?xml version="1.0" encoding="UTF-8"?>
<!-- Generated by org.testng.reporters.JUnitReportReporter -->
<testsuite hostname="DESKTOP-HGUK8IM" failures="0" tests="2" name="testNG_Demo.Annotations" time="16.153" errors="0" timestamp="2025-08-14T09:08:41 IST" skipped="0">
  <testcase classname="testNG_Demo.Annotations" name="verifypage" time="10.544"/>
  <testcase classname="testNG_Demo.Annotations" name="LoginTest" time="5.609"/>
</testsuite> <!-- testNG_Demo.Annotations -->
