<?xml version="1.0" encoding="UTF-8"?>
<!-- Generated by org.testng.reporters.JUnitReportReporter -->
<testsuite hostname="DESKTOP-HGUK8IM" failures="0" tests="2" name="testNG_smoke_groups.DependentTests" time="0.007" errors="0" timestamp="2025-08-17T22:01:18 IST" skipped="0">
  <testcase classname="testNG_smoke_groups.DependentTests" name="loginTest" time="0.003"/>
  <testcase classname="testNG_smoke_groups.DependentTests" name="dashboardTest" time="0.004"/>
</testsuite> <!-- testNG_smoke_groups.DependentTests -->
