<?xml version="1.0" encoding="UTF-8"?>
<!-- Generated by org.testng.reporters.JUnitReportReporter -->
<testsuite hostname="DESKTOP-HGUK8IM" failures="0" tests="1" name="testNG_smoke_groups.PhpTravelsLoginTest" time="7.291" errors="0" timestamp="2025-08-17T22:01:18 IST" skipped="0">
  <testcase classname="testNG_smoke_groups.PhpTravelsLoginTest" name="validLoginTest" time="7.291"/>
</testsuite> <!-- testNG_smoke_groups.PhpTravelsLoginTest -->
