<?xml version="1.0" encoding="UTF-8"?>
<!-- Generated by org.testng.reporters.JUnitReportReporter -->
<testsuite hostname="DESKTOP-HGUK8IM" failures="0" tests="4" name="DataProvider.SauceDemoLoginTest" time="34.521" errors="0" timestamp="2025-08-17T22:03:35 IST" skipped="0">
  <testcase classname="DataProvider.SauceDemoLoginTest" name="loginTest" time="7.840"/>
  <testcase classname="DataProvider.SauceDemoLoginTest" name="loginTest" time="11.888"/>
  <testcase classname="DataProvider.SauceDemoLoginTest" name="loginTest" time="7.002"/>
  <testcase classname="DataProvider.SauceDemoLoginTest" name="loginTest" time="7.791"/>
</testsuite> <!-- DataProvider.SauceDemoLoginTest -->
