<?xml version="1.0" encoding="UTF-8"?>
<!-- Generated by org.testng.reporters.JUnitReportReporter -->
<testsuite hostname="DESKTOP-HGUK8IM" failures="0" tests="1" name="testNG_Demo.Demo1" time="0.015" errors="0" timestamp="2025-08-13T23:01:16 IST" skipped="0">
  <testcase classname="testNG_Demo.Demo1" name="add" time="0.015"/>
</testsuite> <!-- testNG_Demo.Demo1 -->
