<?xml version="1.0" encoding="UTF-8"?>
<!-- Generated by org.testng.reporters.JUnitReportReporter -->
<testsuite hostname="DESKTOP-HGUK8IM" failures="0" tests="2" name="testNG_Demo.Annotations" time="5.188" errors="0" timestamp="2025-08-17T22:12:03 IST" skipped="0">
  <testcase classname="testNG_Demo.Annotations" name="verifypage" time="2.368"/>
  <testcase classname="testNG_Demo.Annotations" name="LoginTest" time="2.820"/>
</testsuite> <!-- testNG_Demo.Annotations -->
