<?xml version="1.0" encoding="UTF-8"?>
<!-- Generated by org.testng.reporters.JUnitReportReporter -->
<testsuite hostname="DESKTOP-HGUK8IM" failures="0" tests="2" name="DataProvider.SwagLoginWithListener" time="8.947" errors="0" timestamp="2025-08-17T22:27:54 IST" skipped="0">
  <testcase classname="DataProvider.SwagLoginWithListener" name="invalidLogin" time="5.454"/>
  <testcase classname="DataProvider.SwagLoginWithListener" name="validLogin" time="3.493"/>
</testsuite> <!-- DataProvider.SwagLoginWithListener -->
